<?xml version="1.0" encoding="UTF-8"?>
<!-- Generated by org.testng.reporters.JUnitReportReporter -->
<testsuite hostname="LAPTOP-EEAS1CV9" failures="0" tests="1" name="com.comcast.Contact.CreateContact" time="28.894" errors="0" timestamp="2023-09-07T14:48:54 IST" skipped="0">
  <testcase classname="com.comcast.Contact.CreateContact" name="contact" time="28.894"/>
  <system-out/>
</testsuite> <!-- com.comcast.Contact.CreateContact -->
