<?xml version="1.0" encoding="UTF-8"?>
<!-- Generated by org.testng.reporters.JUnitReportReporter -->
<testsuite hostname="LAPTOP-EEAS1CV9" failures="0" tests="1" name="Java_Practice.SystemDate" time="0.073" errors="0" timestamp="2023-09-06T12:54:35 IST" skipped="0">
  <testcase classname="Java_Practice.SystemDate" name="set" time="0.073"/>
  <system-out/>
</testsuite> <!-- Java_Practice.SystemDate -->
