<?xml version="1.0" encoding="UTF-8"?>
<!-- Generated by org.testng.reporters.JUnitReportReporter -->
<testsuite hostname="LAPTOP-EEAS1CV9" failures="0" tests="1" name="Practice.OrgTest.CreateOrgTest" time="20.149" errors="0" timestamp="2023-09-04T18:07:07 IST" skipped="0">
  <testcase classname="Practice.OrgTest.CreateOrgTest" name="org" time="20.149"/>
  <system-out/>
</testsuite> <!-- Practice.OrgTest.CreateOrgTest -->
