<?xml version="1.0" encoding="UTF-8"?>
<!-- Generated by org.testng.reporters.JUnitReportReporter -->
<testsuite hostname="LAPTOP-EEAS1CV9" failures="0" tests="1" name="Practice.OrgTest.CreateOrgWithPhoneNo" time="17.884" errors="0" timestamp="2023-09-04T17:38:40 IST" skipped="0">
  <testcase classname="Practice.OrgTest.CreateOrgWithPhoneNo" name="create" time="17.884"/>
  <system-out/>
</testsuite> <!-- Practice.OrgTest.CreateOrgWithPhoneNo -->
