<?xml version="1.0" encoding="UTF-8"?>
<!-- Generated by org.testng.reporters.JUnitReportReporter -->
<testsuite hostname="LAPTOP-EEAS1CV9" failures="0" tests="1" name="com.PractiseDataDrivenTesting.ReadDatafromCMD" time="11.240" errors="0" timestamp="29 Aug 2023 22:44:29 GMT" skipped="0">
  <testcase classname="com.PractiseDataDrivenTesting.ReadDatafromCMD" name="demo" time="11.240"/>
</testsuite> <!-- com.PractiseDataDrivenTesting.ReadDatafromCMD -->
