<?xml version="1.0" encoding="UTF-8"?>
<!-- Generated by org.testng.reporters.JUnitReportReporter -->
<testsuite hostname="LAPTOP-EEAS1CV9" failures="0" tests="1" name="Practice.ContactTest.CreateContactWithOrganization" time="55.553" errors="0" timestamp="2023-09-06T16:44:19 IST" skipped="0">
  <testcase classname="Practice.ContactTest.CreateContactWithOrganization" name="organizationContact" time="55.553"/>
  <system-out/>
</testsuite> <!-- Practice.ContactTest.CreateContactWithOrganization -->
