<?xml version="1.0" encoding="UTF-8"?>
<!-- Generated by org.testng.reporters.JUnitReportReporter -->
<testsuite hostname="LAPTOP-EEAS1CV9" failures="0" tests="1" name="Practice.ContactTest.CreateContactTest" time="33.860" errors="0" timestamp="2023-09-07T15:16:48 IST" skipped="0">
  <testcase classname="Practice.ContactTest.CreateContactTest" name="contact" time="33.860"/>
  <system-out/>
</testsuite> <!-- Practice.ContactTest.CreateContactTest -->
