<?xml version="1.0" encoding="UTF-8"?>
<!-- Generated by org.testng.reporters.JUnitReportReporter -->
<testsuite hostname="LAPTOP-EEAS1CV9" failures="0" tests="1" name="Practice.ContactTest.CreateContactWithSupportDate" time="57.196" errors="0" timestamp="2023-09-06T16:44:19 IST" skipped="0">
  <testcase classname="Practice.ContactTest.CreateContactWithSupportDate" name="contactSupportDate" time="57.196"/>
  <system-out/>
</testsuite> <!-- Practice.ContactTest.CreateContactWithSupportDate -->
