<?xml version="1.0" encoding="UTF-8"?>
<!-- Generated by org.testng.reporters.JUnitReportReporter -->
<testsuite hostname="LAPTOP-EEAS1CV9" failures="0" tests="1" name="com.comcast.organization.CreateOrganizationWithPhoneno" time="28.959" errors="0" timestamp="2023-09-07T14:54:23 IST" skipped="0">
  <testcase classname="com.comcast.organization.CreateOrganizationWithPhoneno" name="orgWithPhone" time="28.959"/>
  <system-out/>
</testsuite> <!-- com.comcast.organization.CreateOrganizationWithPhoneno -->
