<?xml version="1.0" encoding="UTF-8"?>
<!-- Generated by org.testng.reporters.JUnitReportReporter -->
<testsuite hostname="LAPTOP-EEAS1CV9" failures="0" tests="1" name="com.comcast.organization.CreateOrg" time="29.506" errors="0" timestamp="2023-09-07T14:54:23 IST" skipped="0">
  <testcase classname="com.comcast.organization.CreateOrg" name="organization" time="29.506"/>
  <system-out/>
</testsuite> <!-- com.comcast.organization.CreateOrg -->
