<?xml version="1.0" encoding="UTF-8"?>
<!-- Generated by org.testng.reporters.JUnitReportReporter -->
<testsuite hostname="LAPTOP-EEAS1CV9" failures="0" tests="1" name="com.comcast.Contact.CreateContactWithSupportDate" time="30.248" errors="0" timestamp="2023-09-07T14:48:54 IST" skipped="0">
  <testcase classname="com.comcast.Contact.CreateContactWithSupportDate" name="contactWithSupportDate" time="30.248"/>
  <system-out/>
</testsuite> <!-- com.comcast.Contact.CreateContactWithSupportDate -->
