<?xml version="1.0" encoding="UTF-8"?>
<!-- Generated by org.testng.reporters.JUnitReportReporter -->
<testsuite hostname="LAPTOP-EEAS1CV9" failures="0" tests="1" name="com.PractiseDataDrivenTesting.demo" time="0.639" errors="0" timestamp="2023-09-04T18:15:09 IST" skipped="0">
  <testcase classname="com.PractiseDataDrivenTesting.demo" name="testing" time="0.639"/>
  <system-out/>
</testsuite> <!-- com.PractiseDataDrivenTesting.demo -->
